<?xml version="1.0" encoding="UTF-8" ?>
<testsuite failures="0" time="0.016" errors="0" skipped="0" tests="2" name="org.json.simple.Test">
  <properties>
    <property name="java.runtime.name" value="Java(TM) SE Runtime Environment"/>
    <property name="sun.boot.library.path" value="/System/Library/Java/JavaVirtualMachines/1.6.0.jdk/Contents/Libraries"/>
    <property name="java.vm.version" value="20.4-b02-402"/>
    <property name="awt.nativeDoubleBuffering" value="true"/>
    <property name="gopherProxySet" value="false"/>
    <property name="mrj.build" value="10M3527"/>
    <property name="java.vm.vendor" value="Apple Inc."/>
    <property name="java.vendor.url" value="http://www.apple.com/"/>
    <property name="path.separator" value=":"/>
    <property name="java.vm.name" value="Java HotSpot(TM) 64-Bit Server VM"/>
    <property name="file.encoding.pkg" value="sun.io"/>
    <property name="user.country" value="US"/>
    <property name="sun.java.launcher" value="SUN_STANDARD"/>
    <property name="sun.os.patch.level" value="unknown"/>
    <property name="java.vm.specification.name" value="Java Virtual Machine Specification"/>
    <property name="user.dir" value="/Users/kwoodall/TestMavenRepository/Jsonmaven"/>
    <property name="java.runtime.version" value="1.6.0_29-b11-402-10M3527"/>
    <property name="java.awt.graphicsenv" value="apple.awt.CGraphicsEnvironment"/>
    <property name="basedir" value="/Users/kwoodall/TestMavenRepository/Jsonmaven"/>
    <property name="java.endorsed.dirs" value="/System/Library/Java/JavaVirtualMachines/1.6.0.jdk/Contents/Home/lib/endorsed"/>
    <property name="os.arch" value="x86_64"/>
    <property name="surefire.real.class.path" value="/Users/kwoodall/TestMavenRepository/Jsonmaven/target/surefire/surefirebooter1276687668470110992.jar"/>
    <property name="java.io.tmpdir" value="/var/folders/v+/v+e6I1k4EH83UyFtLPU-8k+++TI/-Tmp-/"/>
    <property name="line.separator" value="
"/>
    <property name="java.vm.specification.vendor" value="Sun Microsystems Inc."/>
    <property name="os.name" value="Mac OS X"/>
    <property name="sun.jnu.encoding" value="MacRoman"/>
    <property name="java.library.path" value=".:/Library/Java/Extensions:/System/Library/Java/Extensions:/usr/lib/java"/>
    <property name="surefire.test.class.path" value="/Users/kwoodall/TestMavenRepository/Jsonmaven/target/test-classes:/Users/kwoodall/TestMavenRepository/Jsonmaven/target/classes:/Users/kwoodall/.m2/repository/junit/junit/3.8.1/junit-3.8.1.jar:/Users/kwoodall/.m2/repository/com/googlecode/json-simple/json-simple/1.1/json-simple-1.1.jar:/Users/kwoodall/.m2/repository/com/sm/MavenSqlUtil/1.0-SNAPSHOT/MavenSqlUtil-1.0-SNAPSHOT.jar:/Users/kwoodall/.m2/repository/org/hibernate/hibernate/3.2.5.ga/hibernate-3.2.5.ga.jar:/Users/kwoodall/.m2/repository/net/sf/ehcache/ehcache/1.2.3/ehcache-1.2.3.jar:/Users/kwoodall/.m2/repository/commons-logging/commons-logging/1.0.4/commons-logging-1.0.4.jar:/Users/kwoodall/.m2/repository/asm/asm-attrs/1.5.3/asm-attrs-1.5.3.jar:/Users/kwoodall/.m2/repository/dom4j/dom4j/1.6.1/dom4j-1.6.1.jar:/Users/kwoodall/.m2/repository/antlr/antlr/2.7.6/antlr-2.7.6.jar:/Users/kwoodall/.m2/repository/cglib/cglib/2.1_3/cglib-2.1_3.jar:/Users/kwoodall/.m2/repository/asm/asm/1.5.3/asm-1.5.3.jar:/Users/kwoodall/.m2/repository/commons-collections/commons-collections/2.1.1/commons-collections-2.1.1.jar:/Users/kwoodall/.m2/repository/org/hibernate/hibernate-entitymanager/3.3.2.GA/hibernate-entitymanager-3.3.2.GA.jar:/Users/kwoodall/.m2/repository/org/hibernate/hibernate-annotations/3.3.1.GA/hibernate-annotations-3.3.1.GA.jar:/Users/kwoodall/.m2/repository/org/hibernate/hibernate-commons-annotations/3.0.0.ga/hibernate-commons-annotations-3.0.0.ga.jar:/Users/kwoodall/.m2/repository/javassist/javassist/3.4.GA/javassist-3.4.GA.jar:/Users/kwoodall/.m2/repository/javax/sql/jdbc-stdext/2.0/jdbc-stdext-2.0.jar:/Users/kwoodall/.m2/repository/javax/transaction/jta/1.0.1B/jta-1.0.1B.jar:/Users/kwoodall/.m2/repository/org/hibernate/ejb3-persistence/1.0.1.GA/ejb3-persistence-1.0.1.GA.jar:/Users/kwoodall/.m2/repository/mysql/mysql-connector-java/5.1.18/mysql-connector-java-5.1.18.jar:"/>
    <property name="java.specification.name" value="Java Platform API Specification"/>
    <property name="java.class.version" value="50.0"/>
    <property name="sun.management.compiler" value="HotSpot 64-Bit Tiered Compilers"/>
    <property name="os.version" value="10.6.8"/>
    <property name="http.nonProxyHosts" value="local|*.local|169.254/16|*.169.254/16"/>
    <property name="user.home" value="/Users/kwoodall"/>
    <property name="user.timezone" value="America/Los_Angeles"/>
    <property name="java.awt.printerjob" value="apple.awt.CPrinterJob"/>
    <property name="java.specification.version" value="1.6"/>
    <property name="file.encoding" value="MacRoman"/>
    <property name="user.name" value="kwoodall"/>
    <property name="java.class.path" value="/Users/kwoodall/TestMavenRepository/Jsonmaven/target/test-classes:/Users/kwoodall/TestMavenRepository/Jsonmaven/target/classes:/Users/kwoodall/.m2/repository/junit/junit/3.8.1/junit-3.8.1.jar:/Users/kwoodall/.m2/repository/com/googlecode/json-simple/json-simple/1.1/json-simple-1.1.jar:/Users/kwoodall/.m2/repository/com/sm/MavenSqlUtil/1.0-SNAPSHOT/MavenSqlUtil-1.0-SNAPSHOT.jar:/Users/kwoodall/.m2/repository/org/hibernate/hibernate/3.2.5.ga/hibernate-3.2.5.ga.jar:/Users/kwoodall/.m2/repository/net/sf/ehcache/ehcache/1.2.3/ehcache-1.2.3.jar:/Users/kwoodall/.m2/repository/commons-logging/commons-logging/1.0.4/commons-logging-1.0.4.jar:/Users/kwoodall/.m2/repository/asm/asm-attrs/1.5.3/asm-attrs-1.5.3.jar:/Users/kwoodall/.m2/repository/dom4j/dom4j/1.6.1/dom4j-1.6.1.jar:/Users/kwoodall/.m2/repository/antlr/antlr/2.7.6/antlr-2.7.6.jar:/Users/kwoodall/.m2/repository/cglib/cglib/2.1_3/cglib-2.1_3.jar:/Users/kwoodall/.m2/repository/asm/asm/1.5.3/asm-1.5.3.jar:/Users/kwoodall/.m2/repository/commons-collections/commons-collections/2.1.1/commons-collections-2.1.1.jar:/Users/kwoodall/.m2/repository/org/hibernate/hibernate-entitymanager/3.3.2.GA/hibernate-entitymanager-3.3.2.GA.jar:/Users/kwoodall/.m2/repository/org/hibernate/hibernate-annotations/3.3.1.GA/hibernate-annotations-3.3.1.GA.jar:/Users/kwoodall/.m2/repository/org/hibernate/hibernate-commons-annotations/3.0.0.ga/hibernate-commons-annotations-3.0.0.ga.jar:/Users/kwoodall/.m2/repository/javassist/javassist/3.4.GA/javassist-3.4.GA.jar:/Users/kwoodall/.m2/repository/javax/sql/jdbc-stdext/2.0/jdbc-stdext-2.0.jar:/Users/kwoodall/.m2/repository/javax/transaction/jta/1.0.1B/jta-1.0.1B.jar:/Users/kwoodall/.m2/repository/org/hibernate/ejb3-persistence/1.0.1.GA/ejb3-persistence-1.0.1.GA.jar:/Users/kwoodall/.m2/repository/mysql/mysql-connector-java/5.1.18/mysql-connector-java-5.1.18.jar:"/>
    <property name="java.vm.specification.version" value="1.0"/>
    <property name="sun.arch.data.model" value="64"/>
    <property name="java.home" value="/System/Library/Java/JavaVirtualMachines/1.6.0.jdk/Contents/Home"/>
    <property name="sun.java.command" value="/Users/kwoodall/TestMavenRepository/Jsonmaven/target/surefire/surefirebooter1276687668470110992.jar /Users/kwoodall/TestMavenRepository/Jsonmaven/target/surefire/surefire11976828293635128tmp /Users/kwoodall/TestMavenRepository/Jsonmaven/target/surefire/surefire2557802044323608618tmp"/>
    <property name="java.specification.vendor" value="Sun Microsystems Inc."/>
    <property name="user.language" value="en"/>
    <property name="awt.toolkit" value="apple.awt.CToolkit"/>
    <property name="java.vm.info" value="mixed mode"/>
    <property name="java.version" value="1.6.0_29"/>
    <property name="java.ext.dirs" value="/Library/Java/Extensions:/System/Library/Java/Extensions:/System/Library/Java/JavaVirtualMachines/1.6.0.jdk/Contents/Home/lib/ext"/>
    <property name="sun.boot.class.path" value="/System/Library/Java/JavaVirtualMachines/1.6.0.jdk/Contents/Classes/jsfd.jar:/System/Library/Java/JavaVirtualMachines/1.6.0.jdk/Contents/Classes/classes.jar:/System/Library/Frameworks/JavaVM.framework/Frameworks/JavaRuntimeSupport.framework/Resources/Java/JavaRuntimeSupport.jar:/System/Library/Java/JavaVirtualMachines/1.6.0.jdk/Contents/Classes/ui.jar:/System/Library/Java/JavaVirtualMachines/1.6.0.jdk/Contents/Classes/laf.jar:/System/Library/Java/JavaVirtualMachines/1.6.0.jdk/Contents/Classes/sunrsasign.jar:/System/Library/Java/JavaVirtualMachines/1.6.0.jdk/Contents/Classes/jsse.jar:/System/Library/Java/JavaVirtualMachines/1.6.0.jdk/Contents/Classes/jce.jar:/System/Library/Java/JavaVirtualMachines/1.6.0.jdk/Contents/Classes/charsets.jar"/>
    <property name="java.vendor" value="Apple Inc."/>
    <property name="localRepository" value="/Users/kwoodall/.m2/repository"/>
    <property name="file.separator" value="/"/>
    <property name="java.vendor.url.bug" value="http://bugreport.apple.com/"/>
    <property name="sun.cpu.endian" value="little"/>
    <property name="sun.io.unicode.encoding" value="UnicodeLittle"/>
    <property name="mrj.version" value="1060.1.6.0_29-402"/>
    <property name="socksNonProxyHosts" value="local|*.local|169.254/16|*.169.254/16"/>
    <property name="ftp.nonProxyHosts" value="local|*.local|169.254/16|*.169.254/16"/>
    <property name="sun.cpu.isalist" value=""/>
  </properties>
  <testcase time="0.012" classname="org.json.simple.Test" name="testDecode"/>
  <testcase time="0.001" classname="org.json.simple.Test" name="testEncode"/>
</testsuite>